2024/06/01
-事件:2596804275性骚扰(说要看546693914和3569700064的鸡)
-已处理(type 3:mute)
-详细信息:
  -用户名称: 🐾白井🐾(小出生⚜️) 
  -QQ号: 2596804275
  -因在群中发布色情言论，随意性骚扰他人，现在禁言两小时

  -用户名称: 寒雨
  -QQ号: 3569700064
  -在群内使用脏话“fuck/damn it”, 被禁言一小时

  -用户名称: 艾伦-乔伊斯-阿曼德-克雷尔
  -QQ号: 546693914
  -在群内使用带有脏话“fuck you”的表情包, 被禁言一小时
-解决依据: 群公告(置顶, 标题为“本群规则”)的第一条(1.严禁发布含有黄色内容的任何形式内容（少发点）)
-事件处理者(以Unicode8编号分先后): sh_syl[3638301426], ୧⍤⃝霺澜の海呀🐾[3764577336]
-对群更改:
  -群公告(置顶, 标题为“本群规则”)增加第六条(6.请不要使用任何形式的粗鲁语言/脏话(全语种))
  -增加群成员被罚的系统记录(此文档)

-“🐾白井🐾(小出生⚜️) [2596804275]”已退出群聊
-“泽汐[3117645992]”被“୧⍤⃝霺澜の海呀🐾[3764577336]”设置为管理员

2024/06/02

2024/06/03
-“无尘[2825778799]”加入

2024/06/04
-“铁马冰河入梦来[2940972260]”加入

--ŚĤ𝌵ŞŸĻ--
