2024/06/01
@event{
- 事件:2596804275性骚扰(说要看546693914和3569700064的鸡)
- 已处理(type 3:mute)
- 详细信息:
  - 用户名称: 🐾白井🐾(小出生⚜️) 
  - QQ号: 2596804275
  - 因在群中发布色情言论，随意性骚扰他人，现在禁言两小时

  - 用户名称: 寒雨
  - QQ号: 3569700064
  - 在群内使用脏话“fuck/damn it”, 被禁言一小时

  - 用户名称: 艾伦-乔伊斯-阿曼德-克雷尔
  - QQ号: 546693914
  - 在群内使用带有脏话“fuck you”的表情包, 被禁言一小时
- 解决依据: 群公告(置顶, 标题为“本群规则”)的第一条(1.严禁发布含有黄色内容的任何形式内容（少发点）)
- 事件处理者(以Unicode8编号分先后): sh_syl[3638301426], ୧⍤⃝霺澜の海呀🐾[3764577336]
- 对群更改:
  - 群公告(置顶, 标题为“本群规则”)增加第六条(6.请不要使用任何形式的粗鲁语言/脏话(全语种))
  - 增加群成员被罚的系统记录(此文档)
}

- “泽汐[3117645992]”被“୧⍤⃝霺澜の海呀🐾[3764577336]”设置为管理员

2024/06/02
2024/06/03
2024/06/04
2024/06/05
@event{
- 事件:1728174726使用“/wx”表情包刷屏
- 已处理(type 3:mute)
- 详细信息:
  - 用户名称: 逆天的机密文件
  - QQ号: 1728174726
  - 因多次发送同样内容, 被禁言10分钟(轻判)
- 解决依据: 群公告(置顶, 标题为“本群规则”)的第三条(3.禁止“乱”刷屏 ，发现一次禁言一小时，两次一天，三次直接ban）)
- 事件处理者(以Unicode8编号分先后): sh_syl[3638301426]
}

2024/06/06
2024/06/07
2024/06/08
2024/06/09
2024/06/10
@event{
- 事件:"你妈似了?[2665657047]"发送纳粹旗帜
- 已处理(type 4:warn)
- 详细信息:
  - 用户信息:你妈似了
  - QQ号:2665657047
  - 因发送纳粹旗帜被警告
- 解决依据: 群公告(置顶, 标题为“本群规则”)的第八条(8.在本群请尽量少发布那些消极内容，少量可以太多的话会被管理员警告！)
- 事件处理者(以Unicode8编号分先后): sh_syl[3638301426]
}

2024/06/11
2024/06/12
2024/06/13
2024/06/14
2024/06/15
2024/06/16
2024/06/17
2024/06/18
2024/06/19
2024/06/20
2024/06/21
2024/06/22
2024/06/23
2024/06/24
2024/06/25
2024/06/26
2024/06/27
2024/06/28
2024/06/29
2024/06/30
2024/06/31
2024/07/01
2024/07/02
2024/07/03
2024/07/04
2024/07/05
2024/07/06
2024/07/07
@addrule{
  - 群内不许宣群
  - 入群申请必须填写“是谁”，“怎么了解到群的”以及“要干什么”
}

--ŚĤ𝌵ŞŸĻ--
